<?xml version="1.0" encoding="UTF-8"?>
<testng-results ignored="0" total="2" passed="2" failed="0" skipped="0">
  <reporter-output>
  </reporter-output>
  <suite started-at="2022-11-17T12:13:58 IST" name="Suite" finished-at="2022-11-17T12:14:12 IST" duration-ms="13834">
    <groups>
    </groups>
    <test started-at="2022-11-17T12:13:58 IST" name="Test" finished-at="2022-11-17T12:14:12 IST" duration-ms="13834">
      <class name="com.swaglabs.testCases.TC_AddProducts_003">
        <test-method is-config="true" signature="setup()[pri:0, instance:com.swaglabs.testCases.TC_AddProducts_003@309e345f]" started-at="2022-11-17T12:14:02 IST" name="setup" finished-at="2022-11-17T12:14:04 IST" duration-ms="1525" status="PASS">
          <reporter-output>
          </reporter-output>
        </test-method> <!-- setup -->
        <test-method signature="AddProducts()[pri:0, instance:com.swaglabs.testCases.TC_AddProducts_003@309e345f]" started-at="2022-11-17T12:14:04 IST" name="AddProducts" finished-at="2022-11-17T12:14:12 IST" duration-ms="7977" status="PASS">
          <reporter-output>
          </reporter-output>
        </test-method> <!-- AddProducts -->
        <test-method is-config="true" signature="tearDown()[pri:0, instance:com.swaglabs.testCases.TC_AddProducts_003@309e345f]" started-at="2022-11-17T12:14:12 IST" name="tearDown" finished-at="2022-11-17T12:14:12 IST" duration-ms="223" status="PASS">
          <reporter-output>
          </reporter-output>
        </test-method> <!-- tearDown -->
      </class> <!-- com.swaglabs.testCases.TC_AddProducts_003 -->
      <class name="com.swaglabs.testCases.TC_LoginTest_001">
        <test-method is-config="true" signature="setup()[pri:0, instance:com.swaglabs.testCases.TC_LoginTest_001@77167fb7]" started-at="2022-11-17T12:13:59 IST" name="setup" finished-at="2022-11-17T12:14:02 IST" duration-ms="3170" status="PASS">
          <reporter-output>
          </reporter-output>
        </test-method> <!-- setup -->
        <test-method signature="loginTest()[pri:0, instance:com.swaglabs.testCases.TC_LoginTest_001@77167fb7]" started-at="2022-11-17T12:14:02 IST" name="loginTest" finished-at="2022-11-17T12:14:02 IST" duration-ms="436" status="PASS">
          <reporter-output>
          </reporter-output>
        </test-method> <!-- loginTest -->
        <test-method is-config="true" signature="tearDown()[pri:0, instance:com.swaglabs.testCases.TC_LoginTest_001@77167fb7]" started-at="2022-11-17T12:14:02 IST" name="tearDown" finished-at="2022-11-17T12:14:02 IST" duration-ms="208" status="PASS">
          <reporter-output>
          </reporter-output>
        </test-method> <!-- tearDown -->
      </class> <!-- com.swaglabs.testCases.TC_LoginTest_001 -->
    </test> <!-- Test -->
  </suite> <!-- Suite -->
</testng-results>
