<?xml version="1.0" encoding="UTF-8"?>
<testng-results ignored="0" total="1" passed="1" failed="0" skipped="0">
  <reporter-output>
  </reporter-output>
  <suite started-at="2022-11-17T10:42:35 IST" name="Suite" finished-at="2022-11-17T10:42:40 IST" duration-ms="5502">
    <groups>
    </groups>
    <test started-at="2022-11-17T10:42:35 IST" name="Test" finished-at="2022-11-17T10:42:40 IST" duration-ms="5502">
      <class name="com.swaglabs.testCases.TC_LoginTest_001">
        <test-method is-config="true" signature="setup()[pri:0, instance:com.swaglabs.testCases.TC_LoginTest_001@4278a03f]" started-at="2022-11-17T10:42:35 IST" name="setup" finished-at="2022-11-17T10:42:39 IST" duration-ms="4289" status="PASS">
          <reporter-output>
          </reporter-output>
        </test-method> <!-- setup -->
        <test-method signature="loginTest()[pri:0, instance:com.swaglabs.testCases.TC_LoginTest_001@4278a03f]" started-at="2022-11-17T10:42:39 IST" name="loginTest" finished-at="2022-11-17T10:42:40 IST" duration-ms="583" status="PASS">
          <reporter-output>
          </reporter-output>
        </test-method> <!-- loginTest -->
        <test-method is-config="true" signature="tearDown()[pri:0, instance:com.swaglabs.testCases.TC_LoginTest_001@4278a03f]" started-at="2022-11-17T10:42:40 IST" name="tearDown" finished-at="2022-11-17T10:42:40 IST" duration-ms="174" status="PASS">
          <reporter-output>
          </reporter-output>
        </test-method> <!-- tearDown -->
      </class> <!-- com.swaglabs.testCases.TC_LoginTest_001 -->
    </test> <!-- Test -->
  </suite> <!-- Suite -->
</testng-results>
