<?xml version="1.0" encoding="UTF-8"?>
<testng-results ignored="0" total="1" passed="1" failed="0" skipped="0">
  <reporter-output>
  </reporter-output>
  <suite started-at="2022-11-17T12:13:06 IST" name="Default suite" finished-at="2022-11-17T12:13:18 IST" duration-ms="11900">
    <groups>
    </groups>
    <test started-at="2022-11-17T12:13:06 IST" name="Default test" finished-at="2022-11-17T12:13:18 IST" duration-ms="11900">
      <class name="com.swaglabs.testCases.TC_AddProducts_003">
        <test-method is-config="true" signature="setup()[pri:0, instance:com.swaglabs.testCases.TC_AddProducts_003@4802796d]" started-at="2022-11-17T12:13:07 IST" name="setup" finished-at="2022-11-17T12:13:10 IST" duration-ms="3472" status="PASS">
          <reporter-output>
          </reporter-output>
        </test-method> <!-- setup -->
        <test-method signature="AddProducts()[pri:0, instance:com.swaglabs.testCases.TC_AddProducts_003@4802796d]" started-at="2022-11-17T12:13:10 IST" name="AddProducts" finished-at="2022-11-17T12:13:18 IST" duration-ms="8146" status="PASS">
          <reporter-output>
          </reporter-output>
        </test-method> <!-- AddProducts -->
        <test-method is-config="true" signature="tearDown()[pri:0, instance:com.swaglabs.testCases.TC_AddProducts_003@4802796d]" started-at="2022-11-17T12:13:18 IST" name="tearDown" finished-at="2022-11-17T12:13:18 IST" duration-ms="221" status="PASS">
          <reporter-output>
          </reporter-output>
        </test-method> <!-- tearDown -->
      </class> <!-- com.swaglabs.testCases.TC_AddProducts_003 -->
    </test> <!-- Default test -->
  </suite> <!-- Default suite -->
</testng-results>
